<?xml version="1.0" encoding="UTF-8" ?>
<testsuite tests="4" failures="0" name="NumberAndSumOfNumbersTest" time="0.05" errors="0" skipped="0">
  <properties>
[...]
</properties>
  <testcase classname="NumberAndSumOfNumbersTest" name="test1" time="0.04"/>
  <testcase classname="NumberAndSumOfNumbersTest" name="test2" time="0.002"/>
  <testcase classname="NumberAndSumOfNumbersTest" name="test3" time="0.002"/>
  <testcase classname="NumberAndSumOfNumbersTest" name="test4" time="0.006"/>
</testsuite>